39
MarsUltrav8
PhilippI BenjaminT SusanQ PhilippP SergeyU SergeyT RuthX BakhodirG MatasW 
StreamXv6
SergeyN JenK ClementM BakhodirW ClementT 
GlassOSLitev9
FionaJ PetarF SundarA PhilippH PhilippK HiroshiF 
DuoZv2
PhilippY SundarP FionaF 
MarsLitev5
BakhodirD TatiyanaC 
DaydreamLitev7
BenjaminO 
StreamXv9
LarryO 
CastOSProv6
BakhodirD 
MarsXv1
PrabhakarR ClementT MichalB MatasH 
GmailLitev9
PhilippP BakhodirG ThomasK StefanQ PetarF MatasW LarryX PhilippK HiroshiF SergeyN 
SlidesNextv2
JenZ PhilippH 
SitesSv1
SergeyU ClementL 
FuchsiaXv6
SundarL SundarA 
ClassroomMaxv2
TatiyanaC SusanQ 
ShoppingProv8
FionaN PhilippI 
ResearchXv8
SundarP ClementM BenjaminO JenK ClementE 
GameProv3
PhilippY 
MapsProv8
HiroshiW SergeyT BakhodirD 
StreetViewXv1
TatiyanaC MatasC FionaF 
GameLitev8
PhilippP PhilippK MatasW SergeyN 
GameProv6
LarryO SusanQ StefanQ 
BuildMaxv1
NellyY MichalB RuthX BakhodirG SergeyV 
DocsNextv2
SundarP JenK ClementL 
ConnectLitev9
SundarA 
CastOSLitev5
BakhodirD BakhodirW ClementM PetarF 
SmartSv2
FionaF SundarH FionaN BenjaminT PhilippH 
FeedBurnerMaxv3
TatiyanaC LarryO 
DuoZv4
ThomasK SundarP LarryX ClementT PhilippK RuthX ThomasM 
ChromeOSLitev3
PhilippP HiroshiW PhilippY 
ExploreUltrav8
BakhodirD ClementM SundarL HiroshiF FionaJ SusanQ ClementE 
CollectionsNextv1
TatiyanaC SergeyN MatasW BakhodirA 
ShortsNextv7
FionaF PhilippY PrabhakarR 
WebserverProv6
PhilippP 
AndroidAutoZv2
PhilippH JenK PhilippI LarryX BenjaminT 
AndroidTVMaxv5
HiroshiF SundarP FionaN 
StreetViewProv9
SundarA MatasC LarryO MatasW HiroshiB PhilippK NellyY ClementE 
ReleaseUltrav1
ClementT BakhodirD 
SmartLitev9
JenZ ThomasK PhilippP 
WearOSLitev5
NellyY BakhodirD TatiyanaC JenK PhilippI 
