72
StreamZv6
c1311 c1373 c1080 c1050 c1010 c1006 c1271 c1197 c1033 c1286 c215 c1218 c365 c1048 c1321 c1065 c1356 c1134 c1273 c1281 c1345 c1106 c1490 c1235 c1039 c1018 c1098 c1212 c1047 c1037 c1268 c1024 c1246 c123 c106 c1229 c1005 c107 c1392 c690 c1227 c1300 c103 c11 c1194 c1240 c1109 c163 c1176 c1045 c1269 c1171 c1365 c1004 
ImagesNextv7
c287 c1016 c1034 c558 c1070 c1452 c1049 c1241 c105 c1152 c358 c1153 c1105 c216 c1162 c1420 c1149 c1190 c1280 c1111 c1187 c1086 c340 c142 c1148 c1167 c1374 c10 c192 c157 c1426 c1350 c1189 c1074 c1292 c1064 c1150 c1377 c1060 c1087 c115 c170 c1151 c117 c1223 c113 c1002 c1191 c1267 c47 c1100 c122 c1169 c1484 c1466 c15 c1448 
ChromecastNextv4
c1143 c1156 c1056 c1133 c1137 c1110 c1036 c1042 c563 c1379 c473 c1178 c1344 c1217 c1340 c1012 c1091 c1225 c1297 c1291 c1313 c1115 c1327 c391 c275 c1415 c1475 c1230 c1198 c1032 c1073 c430 c1025 c1163 c1021 c1383 c711 c56 c1011 c1314 c1193 c1232 c1038 c1000 c523 c766 c1166 c152 c1188 c1083 c1088 c1488 c1182 c1108 c1063 c1141 c1147 c1362 c145 
DrawingsLitev8
c1388 c1114 c1390 c1278 c627 c1257 c109 c1058 c1351 c246 c1168 c1274 c1421 c1370 c1334 c18 c1075 c224 c1332 c1069 c1247 c1366 c1172 c1338 c1459 c1177 c614 c37 c1107 c1394 c1144 c1202 c1028 c1310 c101 c1093 c692 c1139 c469 c229 c1009 c1071 c187 c1204 c1097 c112 c487 c1435 c110 c165 c1054 c1030 c1441 c348 
StreamXv2
c1287 c1285 c1272 c463 c1102 c1035 c739 c1027 c126 c963 c319 c1352 c1409 c1424 c355 c1013 c1184 c189 c1203 c1127 c1170 c180 c284 c302 c263 c195 c1185 c288 c1066 c1429 c1125 c1342 c267 c1249 c1132 c190 c119 c1142 c1181 c1067 c1195 c182 c143 c24 c1372 c543 c1222 c0 c1104 c1355 c1128 c541 c1363 c1276 c1207 c158 c1407 c1329 c108 
MapsUltrav8
c1121 c1443 c1402 c1161 c1084 c1243 c1119 c1414 c255 c1126 c1221 c1062 c171 c1031 c579 c546 c199 c1417 c285 c1284 c1376 c367 c1290 c223 c361 c1094 c1029 c1254 c1131 c1367 c1385 c598 c1326 c1041 c1154 c1266 c1095 c23 c140 c230 c1299 c1186 c333 c151 c1179 c12 c1231 c1205 c1304 c204 c1003 c501 c1368 c1001 
BooksUltrav6
c1375 c139 c1404 c1145 c1014 c1208 c350 c1017 c1380 c1122 c258 c1096 c161 c953 c1359 c1358 c1497 c1434 c458 c453 c1485 c226 c1262 c1412 c1469 c1307 c49 c1460 c1486 c120 c407 c232 c1076 c1209 c674 c198 c1277 c237 c1237 c114 c850 c1174 c477 c1330 c1248 c1315 c179 c1382 c164 c1464 c1129 c245 c555 c526 c1099 c544 
DaydreamZv6
c1043 c1391 c833 c149 c299 c1183 c443 c961 c239 c21 c424 c401 c1395 c175 c252 c1255 c310 c127 c1306 c1220 c1348 c681 c185 c669 c1008 c1079 c1138 c1061 c102 c276 c621 c116 c1400 c133 c1333 c334 c329 c1337 c1471 c395 c1430 c296 c1259 c1265 c281 c1192 c561 c25 c1494 c1157 c369 c234 c4 c346 c1410 c181 c744 
TravelUltrav7
c155 c197 c243 c1159 c75 c584 c347 c596 c1135 c1057 c582 c927 c754 c328 c2 c1020 c531 c1437 c1215 c1413 c572 c1378 c448 c1173 c1051 c118 c702 c763 c1462 c733 c236 c1384 c1463 c686 c1477 c914 c461 c848 c425 c1483 c316 c1405 c575 c587 c1450 c203 c313 c1245 c618 c1347 c876 c452 c135 c308 c926 c317 c1354 
ChatLitev7
c1496 c176 c607 c410 c436 c1411 c1322 c307 c1164 c82 c148 c464 c1341 c251 c904 c1371 c1264 c370 c1160 c1445 c1361 c1298 c382 c231 c434 c1040 c1015 c1052 c32 c1023 c433 c1389 c1200 c1213 c498 c167 c1316 c650 c1489 c1124 c1238 c950 c1487 c1252 c886 c1211 c335 c13 c186 c55 c1468 
GroupsProv2
c1244 c512 c360 c474 c273 c1403 c1353 c1250 c1258 c639 c1026 c748 c125 c767 c33 c22 c1381 c249 c1117 c1234 c679 c1444 c169 c524 c278 c794 c759 c705 c233 c349 c481 c920 c600 c1305 c1282 c626 c1263 c210 c1439 c602 c687 c441 c514 c468 c1081 c80 c1453 c1078 c220 c786 
SkyXv9
c323 c141 c1219 c331 c1270 c291 c548 c1118 c42 c520 c31 c1140 c162 c1090 c762 c137 c1346 c495 c293 c1236 c1253 c1473 c1398 c50 c183 c1387 c1449 c829 c1123 c1343 c134 c1226 c1130 c1323 c1318 c292 c1301 c173 c1210 c971 c295 c1136 c1019 c301 c730 c459 c784 c264 c1077 c1256 
DatasetSearchZv7
c1324 c191 c303 c261 c201 c1072 c359 c1146 c697 c356 c1339 c1233 c517 c1325 c26 c977 c1440 c270 c396 c1294 c398 c1431 c1481 c1260 c949 c1436 c305 c111 c315 c1317 c289 c1113 c590 c1007 c1165 c357 c29 c353 c368 c1423 c550 c39 c966 c432 c782 c1251 c1289 c1438 
SlidesXv7
c156 c608 c1320 c19 c240 c1120 c668 c559 c154 c1053 c128 c60 c867 c421 c503 c286 c827 c1214 c318 c250 c1427 c1312 c397 c1482 c505 c1293 c1059 c1476 c1349 c1201 c1044 c372 c351 c374 c1180 c657 c951 c1206 c735 c609 c406 c984 c256 c1242 c1085 c937 c322 c591 c515 c1101 c756 c377 c1199 c144 
DaydreamProv6
c244 c945 c581 c178 c268 c749 c619 c1386 c442 c76 c1360 c651 c987 c924 c1467 c838 c661 c1428 c260 c1089 c206 c1158 c842 c378 c471 c611 c70 c214 c1328 c688 c254 c341 c508 c1302 c104 c1397 c583 c272 c188 c1369 c985 c43 c901 c445 c635 c675 c516 c297 c166 c411 c771 c1418 c409 c483 c69 c150 c311 c1216 
DatabaseUltrav7
c385 c654 c408 c560 c491 c384 c623 c504 c364 c466 c400 c1422 c48 c956 c1055 c86 c1022 c486 c1196 c719 c304 c61 c1456 c132 c1046 c279 c460 c1472 c1478 c221 c957 c417 c1288 c257 c1112 c845 c751 c525 c422 c290 c662 c1283 c100 c1451 c1492 c6 c656 c394 c444 c277 c506 c146 c336 c1103 c352 c1224 
ChromecastZv5
c1498 c1416 c1175 c554 c3 c1303 c136 c271 c412 c500 c658 c821 c882 c200 c678 c325 c831 c41 c832 c472 c241 c631 c413 c338 c884 c1470 c839 c386 c1401 c205 c320 c429 c1116 c58 c242 c875 c390 c330 c68 c841 c530 
SitesUltrav3
c64 c852 c855 c659 c387 c388 c219 c218 c647 c211 c667 c1493 c1092 c542 c967 c1296 c779 c844 c793 c475 c455 c1364 c622 c1 c228 c5 c1480 c480 c1082 c634 c1408 c510 c28 c153 c248 c1499 c910 c846 c94 c484 c643 c1461 c700 c519 c1335 c235 c439 
FlightsNextv3
c902 c209 c921 c1357 c130 c527 c807 c881 c262 c573 c671 c476 c337 c300 c1319 c539 c121 c772 c714 c184 c915 c964 c159 c642 c1406 c641 c1419 c225 c202 c1454 c917 c465 c282 c1275 c1068 c343 c925 c834 c603 c1474 c77 c129 c720 c36 c817 c269 c415 c419 c265 c392 c196 c727 c564 
StreamUltrav2
c682 c66 c900 c828 c580 c707 c266 c655 c616 c416 c685 c764 c362 c14 c1393 c773 c689 c327 c404 c538 c737 c849 c553 c761 c955 c454 c976 c324 c274 c462 c321 c259 c877 c373 c788 c30 c589 c610 c535 c800 c820 c428 c633 c509 c721 c403 
MapsZv4
c35 c787 c1331 c93 c907 c532 c866 c605 c72 c932 c699 c576 c383 c92 c57 c916 c736 c457 c1309 c227 c27 c38 c695 c981 c379 c414 c1432 c402 c51 c451 c528 c90 c810 c648 c653 c540 c803 c306 c160 
BooksLitev3
c630 c172 c213 c62 c381 c781 c91 c775 c890 c615 c54 c496 c819 c16 c715 c780 c638 c713 c534 c449 c309 c734 c342 c899 c568 c1465 c513 c478 c593 c375 c952 c732 c1396 c858 c624 c673 c73 c52 c40 c703 c777 c418 c438 c1425 c969 c629 
DuoMaxv4
c1399 c677 c672 c193 c909 c253 c815 c822 c298 c405 c946 c46 c124 c427 c437 c665 c770 c492 c799 c922 c636 c393 c862 c660 c482 c1433 c207 c728 c936 c78 c796 c760 c1279 c497 c485 c974 c314 c71 c366 c83 
PatentsLitev8
c1479 c294 c326 c864 c20 c783 c863 c738 c940 c562 c826 c194 c426 c701 c247 c312 c809 c595 c1336 c599 c59 c565 c797 c912 c363 c965 c571 c569 c507 c529 c522 c923 c994 c138 c959 c606 c217 c824 c825 c666 c87 c663 c939 c649 c628 c860 c551 c556 c918 
PhotoNextv6
c680 c586 c717 c447 c577 c518 c897 c446 c887 c942 c597 c996 c716 c693 c470 c769 c1455 c813 c511 c856 c835 
GlassOSZv2
c790 c578 c65 c533 c326 c174 c551 c804 c450 c79 c998 c789 c17 c294 c698 c345 c1447 c1261 c666 c903 c431 c725 c247 c954 
SitesProv2
c843 c556 c363 c753 c628 c893 c604 c507 c892 c747 c547 c978 c565 c606 c557 c755 c992 c571 c489 c830 c632 c479 c988 c594 c625 c973 c684 c63 c670 c704 c1479 
MapsXv8
c102 c878 c1491 c1138 c723 c809 c585 c864 c1494 c494 c1391 c706 c1442 c334 c1430 c529 c939 c552 c570 c943 c1295 c857 c395 c851 c970 c1395 c863 
CastOSXv2
c1337 c785 c888 c181 c283 c567 c537 c691 c982 c59 c217 c592 c895 c1228 c168 c21 c329 c1410 c757 c1220 c252 c574 
BooksXv3
c522 c752 c401 c346 c96 c185 c1259 c562 c1458 c1348 c354 c983 c744 c908 c994 c435 c561 c722 c947 c701 
GlassOSUltrav7
c774 c299 c262 c961 c344 c683 c811 c131 c840 c758 c727 c9 c238 c25 c424 c1306 c923 c536 c392 c652 c642 c138 c918 c1474 c644 c4 c202 c399 c521 c539 c456 c934 c310 c778 c159 c676 c999 c765 
GameZv2
c499 c742 c1043 c772 c708 c791 c45 c208 c823 c928 c1336 c696 c825 c1192 c641 c209 c419 c669 c637 c194 c527 c726 c127 c1308 c121 c731 
StadiaProv2
c1061 c797 c97 c116 c833 c1079 c376 c980 c281 c394 c276 c147 c1293 c100 c746 c385 c129 c769 c372 c318 c577 c827 c1427 c719 c1103 c1349 c446 c389 c869 
ChatZv9
c1288 c36 c718 c511 c1255 c1055 c1456 c881 c1482 c865 c989 c663 c1053 c339 c656 c871 c1068 c300 c377 c668 c417 c488 c964 c617 c132 c925 c486 c870 c595 c257 c332 c1446 c304 c175 c956 c1242 c1022 c1492 c957 
DreamXv8
c817 c188 c156 c664 c311 c411 c661 c693 c322 c408 c874 c378 c931 c34 c470 c942 c559 c991 c1157 c491 c1397 c749 c1158 c751 c149 c442 c374 c406 c239 c268 c906 c48 c70 c724 c177 c1199 c735 c1224 c214 c364 c818 c635 c130 c613 c144 c1495 c847 c369 c1457 c1418 
DataUltrav8
c646 c196 c937 c1406 c254 c845 c1357 c1419 c671 c312 c1101 c1467 c1059 c1112 c397 c67 c621 c836 c87 c69 c816 c591 c234 c583 c813 c256 c409 c341 c729 c444 
ImagesSv4
c1384 c1159 c347 c944 c924 c384 c887 c651 c619 c476 c1283 c876 c806 c1405 c352 c754 c654 c717 c569 c184 c584 c243 c588 c597 c826 c104 c854 c6 c783 c1214 c150 c1302 c1451 c945 c1320 c461 c545 c518 c505 c328 c88 c1245 c1400 c1196 c1472 c471 c1239 c426 c316 c927 c867 c1155 c272 
FinanceMaxv3
c128 c838 c203 c1478 c1437 c1020 c421 c572 c515 c44 c768 c337 c599 c20 c531 c1051 c343 c1463 c1483 c447 c763 c467 
GlassOSNextv9
c2 c1008 c959 c1454 c1312 c423 c1333 c502 c601 c873 c1413 c1408 c1 c282 c296 c260 c620 c776 c425 c460 c1450 c835 c560 c153 c694 c236 c75 c643 c490 c852 c484 c745 c1499 c868 c336 c250 
ShoppingUltrav6
c1135 c154 c155 c542 c919 c1369 c975 c211 c681 c22 c95 c1347 c990 c974 c1234 c240 c1215 c80 c1305 c1455 c660 c448 c480 c587 c802 c799 c1092 c492 c1386 c1422 c634 c249 c439 c218 c1081 c1353 c677 c415 c859 c1206 c1282 c308 c665 c422 c125 
SearchUltrav1
c528 c1407 c911 c566 c227 c497 c1044 c786 c297 c1263 c936 c549 c647 c193 c962 c135 c269 c965 c798 c702 c1184 c951 c688 
FormsProv2
c457 c675 c1364 c842 c1027 c1183 c1409 c143 c189 c212 c1195 c244 c349 c441 c74 c414 c1335 c861 c360 c222 c427 c1428 
BloggerNextv6
c51 c855 c1424 c1123 c437 c1432 c1256 c137 c1276 c182 c134 c1078 c1057 c1222 c714 c1473 c860 c581 c76 c822 c180 c355 c301 c1185 c118 c126 c687 c220 c1181 c548 c1439 
SkyUltrav9
c264 c197 c1287 c1142 c1462 c889 c685 c78 c645 c508 c1329 c1117 c920 c1035 c1309 c1130 c543 c1013 c1104 c84 c274 c60 
ConnectNextv4
c1039 c733 c697 c1128 c261 c1197 c1080 c912 c672 c659 c1318 c1423 c1194 c553 c468 c1373 c315 c1324 c11 c319 c1098 c1176 c26 c1132 c1033 c1392 c788 c298 c1004 c178 c305 c509 c801 c1037 c1429 c611 c1360 c368 c1436 c1113 
NewsZv2
c625 c910 c103 c5 c1321 c1342 c233 c843 c1067 c267 c1311 c1227 c1479 c1005 c387 c479 c1251 c1480 c1006 c306 c1109 c303 c507 c1285 c1024 c565 c92 c19 c428 c1331 c600 c1355 
ChartsLitev5
c979 c1497 c1380 c977 c324 c955 c1026 c1229 c232 c35 c1277 c1010 c245 c1174 c321 c541 c670 c226 c1262 c1323 c1434 c225 c689 c1363 c736 c1203 c489 c351 c1265 c1449 c582 c493 c445 c866 c120 c1399 c1248 c1120 c1315 c700 c608 c1271 c31 c1486 c917 c396 c64 c1493 c834 c1490 
AndroidTVSv9
c512 c1372 c1124 c106 c987 c1045 c535 c253 c93 c721 c1106 c794 c1354 c1389 c1246 c335 c215 c443 c850 c434 c278 c1345 c289 
SitesProv9
c107 c221 c1438 c365 c1258 c1464 c1127 c1212 c32 c416 c1393 c79 c1089 c573 c498 c1207 c1300 c1233 c294 c602 c1218 c81 c1040 c666 c1208 c190 c288 c1445 c1269 c108 c198 c383 c504 c27 c1471 c24 c291 c1352 c173 c770 c576 
PhoneProv5
c589 c903 c1240 c1467 c1440 c459 c639 c1330 c764 c583 c293 c937 c1375 c1014 c341 c409 c880 c1059 c1125 c525 c160 c393 c837 c49 c1412 c30 c431 c1237 c1339 c169 c228 c1134 c657 c161 c1050 c345 c1047 c707 c483 c163 c397 c940 c167 c398 c743 c1145 c933 c517 c1244 c586 c789 
VoiceUltrav2
c1433 c804 c831 c1070 c805 c340 c1280 c606 c821 c444 c1160 c207 c307 c1064 c284 c1162 c1116 c1498 c1148 c1238 c1286 c1016 c1105 c13 c358 c1052 c1374 c1112 c1301 c759 c1249 c1452 c1049 c113 c1118 c404 c1377 c481 c1122 c1487 c1401 c1268 c916 c891 c1303 c885 c796 c1382 c33 c370 
VoiceXv4
c210 c1144 c813 c1168 c1243 c136 c1390 c594 c1370 c1060 c1099 c263 c663 c1028 c29 c1453 c760 c199 c739 c1366 c195 c302 c1172 c1084 c1426 c1149 c1171 c1097 c1153 c101 c1292 c139 c1048 c1394 c1441 c1322 c1448 c132 c0 c1096 c164 c1119 c65 c1381 c1260 
ArtsSv6
c1017 c1086 c563 c1231 c1242 c1476 c15 c1201 c1111 c1273 c1151 c391 c112 c1023 c1446 c1279 c1379 c1317 c1095 c287 c145 c900 c1378 c436 c1211 c1444 c1147 c836 c10 c1000 c935 c1356 c123 c1447 c1496 c1072 
SearchSv2
c477 c1385 c1031 c1266 c1058 c1088 c820 c1204 c350 c1032 c1114 c538 c1304 c807 c1091 c1066 c1299 c432 c1310 c175 c1221 c98 c1075 c148 c1146 c1074 c1137 c1179 c3 c989 c124 c1021 c1257 c1011 c1325 c1094 c357 c474 c242 c1338 c690 c1230 c1102 c1272 c36 c1062 c1341 c1093 c655 
AndroidSv7
c1009 c1129 c275 c1202 c1267 c333 c1191 c429 c1054 c235 c713 c593 c992 c1141 c69 c1055 c111 c110 c1193 c882 c1154 c579 c361 c1063 c273 
CurrentsXv7
c1042 c1209 c1484 c230 c1001 c628 c1406 c231 c546 c518 c122 c1225 c381 c1069 c571 c1298 c407 c272 c1255 c1170 c255 c12 c1223 c105 c402 c738 c133 c1465 c1133 c1283 c82 c119 c803 c469 c1139 c858 c158 c496 c556 c1065 c1161 c300 c604 c1029 c557 c1344 c1177 c1217 c1302 
SitesMaxv7
c741 c1022 c1404 c1359 c1261 c893 c213 c109 c1425 c1368 c271 c853 c104 c1166 c1200 c1131 c63 c18 c720 c1488 c471 c881 c1083 c1071 c1167 c590 c85 c754 c316 c115 c1068 c865 c487 c46 c1186 c191 c849 c927 c1136 c452 c54 c1188 c254 c686 c43 c704 c1470 c1307 c1477 c1216 c1351 c1182 c1038 c1036 c1015 c196 
StreetViewLitev5
c482 c171 c1150 c609 c1090 c603 c1126 c619 c1121 c57 c1056 c367 c614 c352 c1281 c117 c1468 c945 c1101 c1365 c1291 c711 c894 c913 c256 c286 c1461 c312 c886 c1034 c1252 c773 c651 c1108 c1460 c1420 c780 c969 c627 c420 c1313 c545 c1384 c826 c944 c166 c328 c1421 c6 c1235 c1169 c1003 c1189 
BloggerLitev6
c1250 c172 c1442 c1008 c1314 c723 c1030 c425 c585 c718 c1018 c140 c1362 c430 c1239 c1213 c511 c988 c1408 c1100 c250 c680 c1178 c1241 c2 c362 
PatentsLitev7
c426 c369 c1 c375 c1334 c732 c1214 c378 c374 c1443 c152 c187 c497 c1495 c1396 c750 c285 c1290 c812 c1087 c1333 c747 c1391 c185 c1430 c266 c1402 c406 c360 c1416 c1409 c244 c781 c38 c1163 c505 c1388 c1492 c1073 c1428 c16 c693 c1457 c635 c269 c1236 c346 c1157 
AndroidUltrav5
c533 c1364 c347 c1164 c1196 c1195 c1198 c1278 c555 c610 c417 c189 c1107 c529 c251 c1435 c243 c309 c1340 c1077 c34 c792 c1183 c40 c247 c1456 c227 c258 c749 c1156 
DuoProv6
c790 c1006 c438 c229 c748 c1297 c756 c638 c1274 c1315 c1085 c226 c1082 c1110 c353 c1053 c565 c688 c524 c380 c1152 c418 
SheetsZv6
c844 c1431 c1181 c1115 c559 c277 c1376 c1076 c342 c301 c1224 c1432 c75 c387 c1232 c1259 c570 c601 c135 c551 c679 c930 c259 c306 c56 c1466 c332 c1158 c1494 c1434 c170 c1358 c702 c1294 c1024 
CodeNextv2
c324 c1327 c1475 c1277 c225 c613 c1247 c377 c236 c1451 c1032 c371 c989 c363 c591 c502 c239 c314 c428 c856 c966 c1067 c1088 c1469 
WearOSMaxv1
c326 c1286 c104 c1137 c1184 c1058 c1344 c1336 c1360 c1112 c1146 c1070 c126 c1225 c359 c1011 c1423 c305 c1458 c1016 c149 c109 c1373 c1106 c1486 c618 c118 c516 c1066 c8 c608 c193 c120 c522 c561 c612 c43 c282 c1275 c119 c442 c1395 c1222 c1036 c1128 c1228 c1465 c537 c1122 c766 c1197 c1155 c787 c1187 c1199 c1043 c1062 c1405 
KeepNextv5
c1185 c157 c196 c1118 c1167 c1021 c82 c1248 c12 c596 c1463 c1121 c1102 c1173 c1176 c643 c296 c581 c944 c556 c1439 c256 c1049 c121 c1020 c482 c969 c1174 c1302 c1399 c1483 c1307 c1189 
TranslateSv8
c1191 c1320 c165 c1415 c224 c192 c1044 c1179 c1425 c735 c674 c127 c313 c1180 c368 c1363 c1042 c1209 c1267 c447 c489 c642 c1424 c592 c1132 c201 c644 c395 c572 c1477 c238 c1306 c835 c381 c1271 c1129 c102 c838 c1324 c619 
DataSv2
c1491 c1109 c275 c106 c609 c138 c150 c1170 c1429 c1268 c774 c466 c962 c1166 c144 c1230 c1193 c1313 c179 c1027 c234 c1338 c1330 c407 c477 c937 c1319 c114 c122 c1148 c414 c21 c1026 c1310 c267 c1296 c1105 c1206 c228 c125 c1001 c778 c798 c1404 c1004 c200 c1246 c42 c257 c1002 c659 c589 c636 c1177 c1064 c1010 
DrawingsUltrav1
c1321 c1295 c169 c1470 c789 c1074 c722 c334 c1244 c965 c811 c767 c1150 c926 c154 c1145 c503 c297 c927 c469 c159 c1071 c113 c1194 c1485 
SkyUltrav1
c1280 c475 c842 c260 c691 c105 c1047 c253 c1113 c1012 c117 c1083 c4 c948 c318 c960 c1427 c713 c932 c1005 c268 c1343 c1221 c214 c763 c3 
WebserverZv3
c933 c397 c1480 c593 c354 c542 c809 c1107 c177 c124 c1076 c1160 c1196 c1308 c1039 c332 c1314 c1434 c1263 c216 c1035 c1345 c1347 c1253 c568 c1437 c1241 c1154 c197 c1293 c1239 c1232 c1131 c55 c1190 c1014 c1030 c1387 c1024 c2 c1435 c142 c339 c1460 c1117 
ClassroomProv8
c281 c1056 c1445 c401 c344 c1499 c452 c1091 c1352 c1261 c286 c23 c163 c1183 c1482 c1298 c1142 c194 c1125 c707 c1237 c966 
