56
ChatLitev6
MaxD MaxM NellyD ClementI ClementB StefanH BenjaminK PrabhakarB PetarJ PhilippS StepanK FionaR 
ScholarXv6
SundarD NellyT PrabhakarC BakhodirR RuthB FionaE FionaS HiroshiK MatasK BakhodirG TatiyanaR TatiyanaP 
FormsUltrav3
ThomasL MatasF HiroshiI PetarD PrabhakarU PetarN TatiyanaA StepanO 
AndroidTVLitev7
RuthW MichalD JenE TatiyanaZ MatasH NellyM BakhodirM LarryL StefanA 
ChartsMaxv5
NellyA FionaJ MichalY StefanF FionaT 
StreetViewXv9
PrzemekQ StefanX MaxH ThomasU NellyI 
FinanceMaxv7
MaxY StepanU HiroshiL ThomasT SusanT 
PatentsMaxv2
MaxV MichalB LarryF MatasZ HiroshiH RuthJ BenjaminX PrzemekT ThomasE LarryC 
DataSv9
PrzemekG HiroshiC PrabhakarD MaxA PrabhakarA HiroshiX JenP MichalI BakhodirD FionaB 
ReleaseLitev7
SergeyW ClementC FionaV FionaX 
SearchUltrav8
MichalS PhilippI HiroshiV 
CastOSSv6
SergeyB ThomasW HiroshiT 
FuchsiaProv7
BenjaminJ SusanV BakhodirQ 
CodeZv4
RuthY BenjaminR 
MoonXv3
SergeyY PetarM 
ScholarZv1
NellyR MichalQ PrzemekP LarryU 
CollectionsUltrav9
BenjaminO HiroshiZ 
FeedBurnerLitev8
StefanN BenjaminL PrabhakarE 
SkyProv4
BakhodirC ThomasQ 
MapsNextv5
SusanS FionaZ 
LoggingXv4
SergeyJ StepanV MaxK 
AssistantMaxv9
MichalA 
FinanceXv5
ClementV 
NewsXv5
SundarV PrzemekH 
CurrentsProv2
StepanJ 
ConnectXv3
StefanG 
StreetViewMaxv8
PetarA 
BuildProv1
PrabhakarI 
LearnProv8
JenI 
NewsMaxv1
TatiyanaT 
CurrentsProv7
BenjaminP 
MoonUltrav4
LarryN 
AndroidAutoZv1
PetarV SundarJ 
SkyZv5
SundarM 
CurrentsXv1
BakhodirF 
TravelProv6
PhilippJ 
SantaTrackerProv9
PrzemekV 
SheetsZv4
RuthF SergeyR 
KeepNextv4
PrabhakarN 
PixelProv1
NellyX 
ClassroomSv2
MatasA 
GroupsZv8
BakhodirL PetarI StefanD MichalV ThomasE 
VoiceZv6
HiroshiQ SundarJ 
DaydreamMaxv4
ThomasQ 
KeepXv1
PrabhakarA 
CollectionsProv5
JenJ SundarD MaxU 
DocsUltrav2
BakhodirB NellyM ClementA NellyW FionaA PrabhakarM FionaG HiroshiK 
TravelUltrav3
PetarR JenE 
StreetViewXv2
RuthW PrzemekF HiroshiS 
CalendarLitev5
BenjaminS StepanH PrabhakarB BenjaminI 
ClassroomXv9
LarryG StepanK 
BloggerProv9
BenjaminK 
DatasetSearchLitev6
PrzemekP MaxA BenjaminJ ClementJ StepanL SundarI PhilippK PetarN HiroshiM 
ChromeLitev4
LarryU MichalY PrabhakarA 
DataNextv9
ClementO SergeyR HiroshiI JenE FionaA FionaZ JenF StepanK PrzemekH BenjaminR SusanN TatiyanaI PetarD NellyB PrzemekW HiroshiD PetarV BenjaminY SergeyQ MatasQ LarryD PrabhakarD PhilippC PrabhakarK ThomasI 
AndroidTVMaxv1
FionaR NellyY MaxA JenE SergeyV ClementC TatiyanaD FionaL SusanD BenjaminK PhilippV BenjaminG ThomasE PhilippT SergeyW SergeyU 
